# JRE version: OpenJDK Runtime Environment (21.0.10) (build 21.0.10+-14961533-b1163.108)
# Java VM: OpenJDK 64-Bit Server VM (21.0.10+-14961533-b1163.108, mixed mode, tiered, compressed oops, compressed class ptrs, g1 gc, windows-amd64)
GC Precious Log:
 CardTable entry size: 512
 Card Set container configuration: InlinePtr #cards 5 size 8 Array Of Cards #cards 12 size 40 Howl #buckets 4 coarsen threshold 1843 Howl Bitmap #cards 512 size 80 coarsen threshold 460 Card regions per heap region 1 cards per card region 2048
 CPUs: 12 total, 12 available
 Memory: 65169M
 Large Page Support: Disabled
 NUMA Support: Disabled
 Compressed Oops: Enabled (32-bit)
 Heap Region Size: 1M
 Heap Min Capacity: 8M
 Heap Initial Capacity: 1020M
 Heap Max Capacity: 2G
 Pre-touch: Disabled
 Parallel Workers: 10
 Concurrent Workers: 3
 Concurrent Refinement Workers: 10
 Periodic GC: Disabled
Heap:
 garbage-first heap   total 80896K, used 66168K [0x0000000080000000, 0x0000000100000000)
  region size 1024K, 26 young (26624K), 2 survivors (2048K)
 Metaspace       used 65779K, committed 67712K, reserved 1114112K
  class space    used 9338K, committed 10240K, reserved 1048576K
GC Heap History (20 events):
Event: 2.311 GC heap before
{Heap before GC invocations=4 (full 0):
 garbage-first heap   total 75776K, used 73856K [0x0000000080000000, 0x0000000100000000)
  region size 1024K, 53 young (54272K), 1 survivors (1024K)
 Metaspace       used 30165K, committed 30656K, reserved 1114112K
  class space    used 3937K, committed 4160K, reserved 1048576K
}
Event: 2.337 GC heap after
{Heap after GC invocations=5 (full 0):
 garbage-first heap   total 79872K, used 24508K [0x0000000080000000, 0x0000000100000000)
  region size 1024K, 4 young (4096K), 4 survivors (4096K)
 Metaspace       used 30165K, committed 30656K, reserved 1114112K
  class space    used 3937K, committed 4160K, reserved 1048576K
}
Event: 2.740 GC heap before
{Heap before GC invocations=5 (full 0):
 garbage-first heap   total 79872K, used 61372K [0x0000000080000000, 0x0000000100000000)
  region size 1024K, 40 young (40960K), 4 survivors (4096K)
 Metaspace       used 35216K, committed 36032K, reserved 1114112K
  class space    used 4829K, committed 5248K, reserved 1048576K
}
Event: 2.743 GC heap after
{Heap after GC invocations=6 (full 0):
 garbage-first heap   total 79872K, used 26884K [0x0000000080000000, 0x0000000100000000)
  region size 1024K, 3 young (3072K), 3 survivors (3072K)
 Metaspace       used 35216K, committed 36032K, reserved 1114112K
  class space    used 4829K, committed 5248K, reserved 1048576K
}
Event: 2.751 GC heap before
{Heap before GC invocations=6 (full 0):
 garbage-first heap   total 79872K, used 26884K [0x0000000080000000, 0x0000000100000000)
  region size 1024K, 4 young (4096K), 3 survivors (3072K)
 Metaspace       used 35337K, committed 36096K, reserved 1114112K
  class space    used 4845K, committed 5248K, reserved 1048576K
}
Event: 2.753 GC heap after
{Heap after GC invocations=7 (full 0):
 garbage-first heap   total 79872K, used 26973K [0x0000000080000000, 0x0000000100000000)
  region size 1024K, 3 young (3072K), 3 survivors (3072K)
 Metaspace       used 35337K, committed 36096K, reserved 1114112K
  class space    used 4845K, committed 5248K, reserved 1048576K
}
Event: 3.131 GC heap before
{Heap before GC invocations=8 (full 0):
 garbage-first heap   total 79872K, used 66909K [0x0000000080000000, 0x0000000100000000)
  region size 1024K, 41 young (41984K), 3 survivors (3072K)
 Metaspace       used 42311K, committed 43328K, reserved 1114112K
  class space    used 5724K, committed 6208K, reserved 1048576K
}
Event: 3.134 GC heap after
{Heap after GC invocations=9 (full 0):
 garbage-first heap   total 79872K, used 28617K [0x0000000080000000, 0x0000000100000000)
  region size 1024K, 5 young (5120K), 5 survivors (5120K)
 Metaspace       used 42311K, committed 43328K, reserved 1114112K
  class space    used 5724K, committed 6208K, reserved 1048576K
}
Event: 3.565 GC heap before
{Heap before GC invocations=9 (full 0):
 garbage-first heap   total 79872K, used 67529K [0x0000000080000000, 0x0000000100000000)
  region size 1024K, 43 young (44032K), 5 survivors (5120K)
 Metaspace       used 47771K, committed 49024K, reserved 1114112K
  class space    used 6617K, committed 7232K, reserved 1048576K
}
Event: 3.568 GC heap after
{Heap after GC invocations=10 (full 0):
 garbage-first heap   total 79872K, used 30425K [0x0000000080000000, 0x0000000100000000)
  region size 1024K, 4 young (4096K), 4 survivors (4096K)
 Metaspace       used 47771K, committed 49024K, reserved 1114112K
  class space    used 6617K, committed 7232K, reserved 1048576K
}
Event: 4.134 GC heap before
{Heap before GC invocations=10 (full 0):
 garbage-first heap   total 79872K, used 68313K [0x0000000080000000, 0x0000000100000000)
  region size 1024K, 42 young (43008K), 4 survivors (4096K)
 Metaspace       used 54298K, committed 55808K, reserved 1114112K
  class space    used 7504K, committed 8256K, reserved 1048576K
}
Event: 4.137 GC heap after
{Heap after GC invocations=11 (full 0):
 garbage-first heap   total 79872K, used 34075K [0x0000000080000000, 0x0000000100000000)
  region size 1024K, 6 young (6144K), 6 survivors (6144K)
 Metaspace       used 54298K, committed 55808K, reserved 1114112K
  class space    used 7504K, committed 8256K, reserved 1048576K
}
Event: 4.735 GC heap before
{Heap before GC invocations=11 (full 0):
 garbage-first heap   total 79872K, used 69915K [0x0000000080000000, 0x0000000100000000)
  region size 1024K, 41 young (41984K), 6 survivors (6144K)
 Metaspace       used 58733K, committed 60416K, reserved 1114112K
  class space    used 8211K, committed 9024K, reserved 1048576K
}
Event: 4.738 GC heap after
{Heap after GC invocations=12 (full 0):
 garbage-first heap   total 80896K, used 37029K [0x0000000080000000, 0x0000000100000000)
  region size 1024K, 4 young (4096K), 4 survivors (4096K)
 Metaspace       used 58733K, committed 60416K, reserved 1114112K
  class space    used 8211K, committed 9024K, reserved 1048576K
}
Event: 4.753 GC heap before
{Heap before GC invocations=12 (full 0):
 garbage-first heap   total 80896K, used 38053K [0x0000000080000000, 0x0000000100000000)
  region size 1024K, 6 young (6144K), 4 survivors (4096K)
 Metaspace       used 58878K, committed 60480K, reserved 1114112K
  class space    used 8237K, committed 9024K, reserved 1048576K
}
Event: 4.755 GC heap after
{Heap after GC invocations=13 (full 0):
 garbage-first heap   total 80896K, used 37351K [0x0000000080000000, 0x0000000100000000)
  region size 1024K, 1 young (1024K), 1 survivors (1024K)
 Metaspace       used 58878K, committed 60480K, reserved 1114112K
  class space    used 8237K, committed 9024K, reserved 1048576K
}
Event: 5.098 GC heap before
{Heap before GC invocations=14 (full 0):
 garbage-first heap   total 80896K, used 72167K [0x0000000080000000, 0x0000000100000000)
  region size 1024K, 35 young (35840K), 1 survivors (1024K)
 Metaspace       used 61094K, committed 62912K, reserved 1114112K
  class space    used 8624K, committed 9472K, reserved 1048576K
}
Event: 5.101 GC heap after
{Heap after GC invocations=15 (full 0):
 garbage-first heap   total 80896K, used 42346K [0x0000000080000000, 0x0000000100000000)
  region size 1024K, 5 young (5120K), 5 survivors (5120K)
 Metaspace       used 61094K, committed 62912K, reserved 1114112K
  class space    used 8624K, committed 9472K, reserved 1048576K
}
Event: 5.419 GC heap before
{Heap before GC invocations=15 (full 0):
 garbage-first heap   total 80896K, used 69994K [0x0000000080000000, 0x0000000100000000)
  region size 1024K, 33 young (33792K), 5 survivors (5120K)
 Metaspace       used 62875K, committed 64768K, reserved 1114112K
  class space    used 8902K, committed 9792K, reserved 1048576K
}
Event: 5.422 GC heap after
{Heap after GC invocations=16 (full 0):
 garbage-first heap   total 80896K, used 43640K [0x0000000080000000, 0x0000000100000000)
  region size 1024K, 2 young (2048K), 2 survivors (2048K)
 Metaspace       used 62875K, committed 64768K, reserved 1114112K
  class space    used 8902K, committed 9792K, reserved 1048576K
}

